<?xml version="1.0" encoding="UTF-8"?>
<testng-results skipped="0" failed="0" ignored="0" total="1" passed="1">
  <reporter-output>
  </reporter-output>
  <suite name="Default suite" duration-ms="11658" started-at="2018-12-13T21:09:56Z" finished-at="2018-12-13T21:10:08Z">
    <groups>
    </groups>
    <test name="Default test" duration-ms="11658" started-at="2018-12-13T21:09:56Z" finished-at="2018-12-13T21:10:08Z">
      <class name="com.powersys.alquilaAutomation.tests.CreateAdTest">
        <test-method status="PASS" signature="setUp()[pri:0, instance:com.powersys.alquilaAutomation.tests.CreateAdTest@5e5792a0]" name="setUp" is-config="true" duration-ms="6496" started-at="2018-12-13T18:09:56Z" finished-at="2018-12-13T18:10:02Z">
          <reporter-output>
          </reporter-output>
        </test-method> <!-- setUp -->
        <test-method status="PASS" signature="initProperty()[pri:0, instance:com.powersys.alquilaAutomation.tests.CreateAdTest@5e5792a0]" name="initProperty" is-config="true" duration-ms="4" started-at="2018-12-13T18:10:02Z" finished-at="2018-12-13T18:10:02Z">
          <reporter-output>
          </reporter-output>
        </test-method> <!-- initProperty -->
        <test-method status="PASS" signature="creatAdtest()[pri:0, instance:com.powersys.alquilaAutomation.tests.CreateAdTest@5e5792a0]" name="creatAdtest" duration-ms="5103" started-at="2018-12-13T18:10:02Z" finished-at="2018-12-13T18:10:08Z">
          <reporter-output>
          </reporter-output>
        </test-method> <!-- creatAdtest -->
      </class> <!-- com.powersys.alquilaAutomation.tests.CreateAdTest -->
    </test> <!-- Default test -->
  </suite> <!-- Default suite -->
</testng-results>
